# JRE version: OpenJDK Runtime Environment (8.0_112-b06) (build 1.8.0_112-release-b06)
# Java VM: OpenJDK 64-Bit Server VM (25.112-b06 mixed mode windows-amd64 compressed oops)
Heap:
 PSYoungGen      total 436224K, used 391975K [0x00000000e0000000, 0x00000000fd100000, 0x0000000100000000)
  eden space 403456K, 91% used [0x00000000e0000000,0x00000000f688c028,0x00000000f8a00000)
  from space 32768K, 69% used [0x00000000fb100000,0x00000000fc73dcb0,0x00000000fd100000)
  to   space 36352K, 0% used [0x00000000f8a00000,0x00000000f8a00000,0x00000000fad80000)
 ParOldGen       total 218112K, used 96253K [0x00000000a0000000, 0x00000000ad500000, 0x00000000e0000000)
  object space 218112K, 44% used [0x00000000a0000000,0x00000000a5dff528,0x00000000ad500000)
 Metaspace       used 91267K, capacity 97856K, committed 98136K, reserved 1134592K
  class space    used 11117K, capacity 12021K, committed 12120K, reserved 1048576K
GC Heap History (10 events):
Event: 5215.619 GC heap before
{Heap before GC invocations=30 (full 4):
 PSYoungGen      total 359424K, used 328649K [0x00000000e0000000, 0x00000000fbf00000, 0x0000000100000000)
  eden space 329216K, 99% used [0x00000000e0000000,0x00000000f40f26c8,0x00000000f4180000)
  from space 30208K, 0% used [0x00000000f9200000,0x00000000f9200000,0x00000000faf80000)
  to   space 15872K, 0% used [0x00000000faf80000,0x00000000faf80000,0x00000000fbf00000)
 ParOldGen       total 218112K, used 96221K [0x00000000a0000000, 0x00000000ad500000, 0x00000000e0000000)
  object space 218112K, 44% used [0x00000000a0000000,0x00000000a5df7528,0x00000000ad500000)
 Metaspace       used 88277K, capacity 92658K, committed 95064K, reserved 1132544K
  class space    used 10599K, capacity 11257K, committed 11864K, reserved 1048576K
Event: 5215.624 GC heap after
Heap after GC invocations=30 (full 4):
 PSYoungGen      total 365056K, used 128K [0x00000000e0000000, 0x00000000fb200000, 0x0000000100000000)
  eden space 362496K, 0% used [0x00000000e0000000,0x00000000e0000000,0x00000000f6200000)
  from space 2560K, 5% used [0x00000000faf80000,0x00000000fafa0000,0x00000000fb200000)
  to   space 40960K, 0% used [0x00000000f6200000,0x00000000f6200000,0x00000000f8a00000)
 ParOldGen       total 218112K, used 96221K [0x00000000a0000000, 0x00000000ad500000, 0x00000000e0000000)
  object space 218112K, 44% used [0x00000000a0000000,0x00000000a5df7528,0x00000000ad500000)
 Metaspace       used 88277K, capacity 92658K, committed 95064K, reserved 1132544K
  class space    used 10599K, capacity 11257K, committed 11864K, reserved 1048576K
}
Event: 6064.588 GC heap before
{Heap before GC invocations=31 (full 4):
 PSYoungGen      total 365056K, used 362624K [0x00000000e0000000, 0x00000000fb200000, 0x0000000100000000)
  eden space 362496K, 100% used [0x00000000e0000000,0x00000000f6200000,0x00000000f6200000)
  from space 2560K, 5% used [0x00000000faf80000,0x00000000fafa0000,0x00000000fb200000)
  to   space 40960K, 0% used [0x00000000f6200000,0x00000000f6200000,0x00000000f8a00000)
 ParOldGen       total 218112K, used 96221K [0x00000000a0000000, 0x00000000ad500000, 0x00000000e0000000)
  object space 218112K, 44% used [0x00000000a0000000,0x00000000a5df7528,0x00000000ad500000)
 Metaspace       used 89806K, capacity 95222K, committed 95576K, reserved 1132544K
  class space    used 10920K, capacity 11732K, committed 11864K, reserved 1048576K
Event: 6064.615 GC heap after
Heap after GC invocations=31 (full 4):
 PSYoungGen      total 403456K, used 11605K [0x00000000e0000000, 0x00000000fcb80000, 0x0000000100000000)
  eden space 362496K, 0% used [0x00000000e0000000,0x00000000e0000000,0x00000000f6200000)
  from space 40960K, 28% used [0x00000000f6200000,0x00000000f6d55738,0x00000000f8a00000)
  to   space 38912K, 0% used [0x00000000fa580000,0x00000000fa580000,0x00000000fcb80000)
 ParOldGen       total 218112K, used 96229K [0x00000000a0000000, 0x00000000ad500000, 0x00000000e0000000)
  object space 218112K, 44% used [0x00000000a0000000,0x00000000a5df9528,0x00000000ad500000)
 Metaspace       used 89806K, capacity 95222K, committed 95576K, reserved 1132544K
  class space    used 10920K, capacity 11732K, committed 11864K, reserved 1048576K
}
Event: 6245.377 GC heap before
{Heap before GC invocations=32 (full 4):
 PSYoungGen      total 403456K, used 374101K [0x00000000e0000000, 0x00000000fcb80000, 0x0000000100000000)
  eden space 362496K, 100% used [0x00000000e0000000,0x00000000f6200000,0x00000000f6200000)
  from space 40960K, 28% used [0x00000000f6200000,0x00000000f6d55738,0x00000000f8a00000)
  to   space 38912K, 0% used [0x00000000fa580000,0x00000000fa580000,0x00000000fcb80000)
 ParOldGen       total 218112K, used 96229K [0x00000000a0000000, 0x00000000ad500000, 0x00000000e0000000)
  object space 218112K, 44% used [0x00000000a0000000,0x00000000a5df9528,0x00000000ad500000)
 Metaspace       used 90128K, capacity 95606K, committed 95832K, reserved 1132544K
  class space    used 10949K, capacity 11760K, committed 11864K, reserved 1048576K
Event: 6245.403 GC heap after
Heap after GC invocations=32 (full 4):
 PSYoungGen      total 417280K, used 17147K [0x00000000e0000000, 0x00000000fc300000, 0x0000000100000000)
  eden space 387072K, 0% used [0x00000000e0000000,0x00000000e0000000,0x00000000f7a00000)
  from space 30208K, 56% used [0x00000000fa580000,0x00000000fb63edd0,0x00000000fc300000)
  to   space 37376K, 0% used [0x00000000f7a00000,0x00000000f7a00000,0x00000000f9e80000)
 ParOldGen       total 218112K, used 96237K [0x00000000a0000000, 0x00000000ad500000, 0x00000000e0000000)
  object space 218112K, 44% used [0x00000000a0000000,0x00000000a5dfb528,0x00000000ad500000)
 Metaspace       used 90128K, capacity 95606K, committed 95832K, reserved 1132544K
  class space    used 10949K, capacity 11760K, committed 11864K, reserved 1048576K
}
Event: 6908.258 GC heap before
{Heap before GC invocations=33 (full 4):
 PSYoungGen      total 417280K, used 404219K [0x00000000e0000000, 0x00000000fc300000, 0x0000000100000000)
  eden space 387072K, 100% used [0x00000000e0000000,0x00000000f7a00000,0x00000000f7a00000)
  from space 30208K, 56% used [0x00000000fa580000,0x00000000fb63edd0,0x00000000fc300000)
  to   space 37376K, 0% used [0x00000000f7a00000,0x00000000f7a00000,0x00000000f9e80000)
 ParOldGen       total 218112K, used 96237K [0x00000000a0000000, 0x00000000ad500000, 0x00000000e0000000)
  object space 218112K, 44% used [0x00000000a0000000,0x00000000a5dfb528,0x00000000ad500000)
 Metaspace       used 90911K, capacity 97212K, committed 97240K, reserved 1134592K
  class space    used 11074K, capacity 11967K, committed 11992K, reserved 1048576K
Event: 6908.283 GC heap after
Heap after GC invocations=33 (full 4):
 PSYoungGen      total 424448K, used 16549K [0x00000000e0000000, 0x00000000fd380000, 0x0000000100000000)
  eden space 387072K, 0% used [0x00000000e0000000,0x00000000e0000000,0x00000000f7a00000)
  from space 37376K, 44% used [0x00000000f7a00000,0x00000000f8a29778,0x00000000f9e80000)
  to   space 35328K, 0% used [0x00000000fb100000,0x00000000fb100000,0x00000000fd380000)
 ParOldGen       total 218112K, used 96245K [0x00000000a0000000, 0x00000000ad500000, 0x00000000e0000000)
  object space 218112K, 44% used [0x00000000a0000000,0x00000000a5dfd528,0x00000000ad500000)
 Metaspace       used 90911K, capacity 97212K, committed 97240K, reserved 1134592K
  class space    used 11074K, capacity 11967K, committed 11992K, reserved 1048576K
}
Event: 7072.359 GC heap before
{Heap before GC invocations=34 (full 4):
 PSYoungGen      total 424448K, used 403621K [0x00000000e0000000, 0x00000000fd380000, 0x0000000100000000)
  eden space 387072K, 100% used [0x00000000e0000000,0x00000000f7a00000,0x00000000f7a00000)
  from space 37376K, 44% used [0x00000000f7a00000,0x00000000f8a29778,0x00000000f9e80000)
  to   space 35328K, 0% used [0x00000000fb100000,0x00000000fb100000,0x00000000fd380000)
 ParOldGen       total 218112K, used 96245K [0x00000000a0000000, 0x00000000ad500000, 0x00000000e0000000)
  object space 218112K, 44% used [0x00000000a0000000,0x00000000a5dfd528,0x00000000ad500000)
 Metaspace       used 91067K, capacity 97536K, committed 97880K, reserved 1134592K
  class space    used 11098K, capacity 11997K, committed 12120K, reserved 1048576K
Event: 7072.390 GC heap after
Heap after GC invocations=34 (full 4):
 PSYoungGen      total 436224K, used 22775K [0x00000000e0000000, 0x00000000fd100000, 0x0000000100000000)
  eden space 403456K, 0% used [0x00000000e0000000,0x00000000e0000000,0x00000000f8a00000)
  from space 32768K, 69% used [0x00000000fb100000,0x00000000fc73dcb0,0x00000000fd100000)
  to   space 36352K, 0% used [0x00000000f8a00000,0x00000000f8a00000,0x00000000fad80000)
 ParOldGen       total 218112K, used 96253K [0x00000000a0000000, 0x00000000ad500000, 0x00000000e0000000)
  object space 218112K, 44% used [0x00000000a0000000,0x00000000a5dff528,0x00000000ad500000)
 Metaspace       used 91067K, capacity 97536K, committed 97880K, reserved 1134592K
  class space    used 11098K, capacity 11997K, committed 12120K, reserved 1048576K
}

